<?xml version="1.0" encoding="UTF-8"?>
<!-- Generated by org.testng.reporters.JUnitReportReporter -->
<testsuite hostname="LAMIA" failures="0" tests="1" name="org.QA.TestFilter" time="3.806" errors="0" timestamp="2023-01-04T22:33:57 CET" skipped="0">
  <testcase classname="org.QA.TestFilter" name="filterFromLowToHigh" time="3.806"/>
  <system-out/>
</testsuite> <!-- org.QA.TestFilter -->
