<?xml version="1.0" encoding="UTF-8"?>
<!-- Generated by org.testng.reporters.JUnitReportReporter -->
<testsuite hostname="LAMIA" failures="0" tests="2" name="org.QA.TestInitialPage" time="3.612" errors="0" timestamp="2023-01-04T22:33:57 CET" skipped="0">
  <testcase classname="org.QA.TestInitialPage" name="validateLandingPage" time="1.984"/>
  <system-out/>
  <testcase classname="org.QA.TestInitialPage" name="validateLoginPageElements" time="1.628"/>
  <system-out/>
</testsuite> <!-- org.QA.TestInitialPage -->
