<?xml version="1.0" encoding="UTF-8"?>
<!-- Generated by org.testng.reporters.JUnitReportReporter -->
<testsuite hostname="LAMIA" failures="0" tests="3" name="org.QA.TestLogin" time="5.576" errors="0" timestamp="2023-01-04T22:33:57 CET" skipped="0">
  <testcase classname="org.QA.TestLogin" name="LoginAttemptWithoutPassword" time="1.834"/>
  <system-out/>
  <testcase classname="org.QA.TestLogin" name="LoginAttemptWithoutUsername" time="1.812"/>
  <system-out/>
  <testcase classname="org.QA.TestLogin" name="loginWithValidCredentials" time="1.930"/>
  <system-out/>
</testsuite> <!-- org.QA.TestLogin -->
